#
# A fatal error has been detected by the Java Runtime Environment:
#
#  EXCEPTION_ACCESS_VIOLATION (0xc0000005) at pc=0x00007ff892d96730, pid=5924, tid=10276
#
# JRE version: OpenJDK Runtime Environment Temurin-20.0.1+9 (20.0.1+9) (build 20.0.1+9)
# Java VM: OpenJDK 64-Bit Server VM Temurin-20.0.1+9 (20.0.1+9, mixed mode, sharing, tiered, compressed oops, compressed class ptrs, g1 gc, windows-amd64)
# Problematic frame:
# C  [glass.dll+0x26730]
#
# No core dump will be written. Minidumps are not enabled by default on client versions of Windows
#
# If you would like to submit a bug report, please visit:
#   https://github.com/adoptium/adoptium-support/issues
#

---------------  S U M M A R Y ------------

Command Line: -agentlib:jdwp=transport=dt_socket,address=127.0.0.1:54173,suspend=y,server=n -Dfile.encoding=UTF-8 --module-path=C:\Users\Valodya\Desktop\jgit-gui\target\classes;C:\Users\Valodya\.m2\repository\org\openjfx\javafx-fxml\11.0.2\javafx-fxml-11.0.2-win.jar;C:\Users\Valodya\.m2\repository\org\eclipse\jgit\org.eclipse.jgit\6.5.0.202303070854-r\org.eclipse.jgit-6.5.0.202303070854-r.jar;C:\Users\Valodya\.m2\repository\org\openjfx\javafx-graphics\11.0.2\javafx-graphics-11.0.2-win.jar;C:\Users\Valodya\.m2\repository\org\openjfx\javafx-controls\11.0.2\javafx-controls-11.0.2-win.jar;C:\Users\Valodya\.m2\repository\org\openjfx\javafx-base\11.0.2\javafx-base-11.0.2-win.jar -Djdk.module.main=com.example.fxjgit com.example.fxjgit/com.example.fxjgit.HelloApplication

Host: Intel(R) Core(TM) i7-6500U CPU @ 2.50GHz, 4 cores, 7G,  Windows 10 , 64 bit Build 19041 (10.0.19041.2913)
Time: Mon May 22 17:59:58 2023 RTZ 2 (s 10 , 64 bit Build 19041 (10.0.19041.2913) elapsed time: 84.070199 seconds (0d 0h 1m 24s)

---------------  T H R E A D  ---------------

Current thread (0x0000028dff382e60):  VMThread "VM Thread" [stack: 0x000000d8ec700000,0x000000d8ec800000] [id=10276]

Stack: [0x000000d8ec700000,0x000000d8ec800000],  sp=0x000000d8ec7ff0e0,  free space=1020k
Native frames: (J=compiled Java code, j=interpreted, Vv=VM code, C=native code)
C  [glass.dll+0x26730]


siginfo: EXCEPTION_ACCESS_VIOLATION (0xc0000005), reading address 0x0000000000000000


Registers:
RAX=0x0000000000000000, RBX=0x0000028d9f491fc0, RCX=0x0000028dff382e60, RDX=0x000000d8ec7ff0e0
RSP=0x000000d8ec7ff0e0, RBP=0x0000028d9fb4dd98, RSI=0x0000028d9fb4dd70, RDI=0x00009be48193aff5
R8 =0x0000000000010002, R9 =0x00009be48193aff5, R10=0x0000000000008000, R11=0x000000d8ec7ff080
R12=0x00007ff892d93be0, R13=0x00007ff87cb70f50, R14=0x000000d8ec7ff1e8, R15=0x0000028d9fb4dd70
RIP=0x00007ff892d96730, EFLAGS=0x0000000000010206


Register to memory mapping:

RIP=0x00007ff892d96730 glass.dll
RAX=0x0 is NULL
RBX=0x0000028d9f491fc0 is a global jni handle
RCX=0x0000028dff382e60 points into unknown readable memory: 0x00007ff87c9884d0 | d0 84 98 7c f8 7f 00 00
RDX=0x000000d8ec7ff0e0 points into unknown readable memory: 0x0000000000000000 | 00 00 00 00 00 00 00 00
RSP=0x000000d8ec7ff0e0 points into unknown readable memory: 0x0000000000000000 | 00 00 00 00 00 00 00 00
RBP=0x0000028d9fb4dd98 points into unknown readable memory: 0x00009be48193aff5 | f5 af 93 81 e4 9b 00 00
RSI=0x0000028d9fb4dd70 points into unknown readable memory: 0xdb009beb7e81f4d3 | d3 f4 81 7e eb 9b 00 db
RDI=0x00009be48193aff5 is an unknown value
R8 =0x0000000000010002 is an unknown value
R9 =0x00009be48193aff5 is an unknown value
R10=0x0000000000008000 is an unknown value
R11=0x000000d8ec7ff080 points into unknown readable memory: 0x0000028d9fb4dd70 | 70 dd b4 9f 8d 02 00 00
R12=0x00007ff892d93be0 glass.dll
R13=0x00007ff87cb70f50 jvm.dll
R14=0x000000d8ec7ff1e8 points into unknown readable memory: 0x000000d8ec7ff1d0 | d0 f1 7f ec d8 00 00 00
R15=0x0000028d9fb4dd70 points into unknown readable memory: 0xdb009beb7e81f4d3 | d3 f4 81 7e eb 9b 00 db


Top of Stack: (sp=0x000000d8ec7ff0e0)
0x000000d8ec7ff0e0:   0000000000000000 00007ff8c7eaf05b
0x000000d8ec7ff0f0:   0000028d9fb4dd80 0000028d9fb4dd70
0x000000d8ec7ff100:   fffffffffffffffe 00007ff892d93be0
0x000000d8ec7ff110:   0000028d9fb4dd78 00007ff8c7eb42d6
0x000000d8ec7ff120:   0000028d9fb4dd80 0000028d00000000
0x000000d8ec7ff130:   0000028d9fb4dd98 0000028d9fb4dd70
0x000000d8ec7ff140:   fffffffffffffffe 0000000000000000
0x000000d8ec7ff150:   0000000000000001 00007ff892d70000
0x000000d8ec7ff160:   000000d8ec7ff1d8 00007ff8c7eb41fb
0x000000d8ec7ff170:   0000000000000000 000000d8ec7ff1e8
0x000000d8ec7ff180:   000000d8ec7ff4a0 00007ff8c7f90e40
0x000000d8ec7ff190:   0000000000000001 00007ff8c7eb41b4
0x000000d8ec7ff1a0:   0000000000000000 0000000000000001
0x000000d8ec7ff1b0:   00007ff80000000d 000000d8ec7ff1d8
0x000000d8ec7ff1c0:   0000000000000006 00007ff892d93a60
0x000000d8ec7ff1d0:   00007ff892dad100 000000d800000002
0x000000d8ec7ff1e0:   0000000000000002 000000d8ec7ff1d0
0x000000d8ec7ff1f0:   0000000000000000 00007ff892d93b94
0x000000d8ec7ff200:   0000000000000001 0000000000000000
0x000000d8ec7ff210:   0000000000000000 0000000000000001
0x000000d8ec7ff220:   0000000000000000 0000000000000000
0x000000d8ec7ff230:   0000000000000001 000004d4d1278f02
0x000000d8ec7ff240:   00007ff892d70000 000000007ffe0384
0x000000d8ec7ff250:   0000000000000000 00007ff8ca649a1d
0x000000d8ec7ff260:   00007ff892d70000 0000000000000000
0x000000d8ec7ff270:   0000000000000001 000000007ffe0385
0x000000d8ec7ff280:   0000000002360fb8 000000d8ec7ff4a0
0x000000d8ec7ff290:   000004d400000000 0000000000000014
0x000000d8ec7ff2a0:   0000000000000000 00007ff892d93be0
0x000000d8ec7ff2b0:   00000000000003d8 0000028d9fb91770
0x000000d8ec7ff2c0:   000000d8ebefed00 00007ff8ca68dcec
0x000000d8ec7ff2d0:   0000028d9fb919b0 00007ff892d70000 

Instructions: (pc=0x00007ff892d96730)
0x00007ff892d96630:   8b 4d 60 e8 d8 c9 ff ff 48 8b 55 68 48 8b 8d 08
0x00007ff892d96640:   01 00 00 e8 a9 be ff ff 33 d2 33 c9 e8 a9 de ff
0x00007ff892d96650:   ff 90 cc cc cc cc cc cc cc cc cc cc cc cc cc cc
0x00007ff892d96660:   48 8d 8a 80 00 00 00 e9 14 ea fe ff 48 89 54 24
0x00007ff892d96670:   10 55 48 83 ec 20 48 8b ea 48 8d 05 1d cb ff ff
0x00007ff892d96680:   48 83 c4 20 5d c3 cc 40 55 48 8b ea 48 8b 01 33
0x00007ff892d96690:   c9 81 38 05 00 00 c0 0f 94 c1 8b c1 5d c3 cc 40
0x00007ff892d966a0:   55 48 83 ec 20 48 8b ea 8a 4d 40 48 83 c4 20 5d
0x00007ff892d966b0:   e9 23 ce ff ff cc 40 55 48 83 ec 20 48 8b ea e8
0x00007ff892d966c0:   3c cc ff ff 8a 4d 38 48 83 c4 20 5d e9 07 ce ff
0x00007ff892d966d0:   ff cc 40 55 48 83 ec 30 48 8b ea 48 8b 01 8b 10
0x00007ff892d966e0:   48 89 4c 24 28 89 54 24 20 4c 8d 0d d0 d1 ff ff
0x00007ff892d966f0:   4c 8b 45 70 8b 55 68 48 8b 4d 60 e8 70 cb ff ff
0x00007ff892d96700:   90 48 83 c4 30 5d c3 cc cc cc cc cc cc cc cc cc
0x00007ff892d96710:   40 53 48 83 ec 30 48 c7 44 24 20 fe ff ff ff 48
0x00007ff892d96720:   8b 1d ea 63 01 00 48 85 db 74 16 e8 90 86 ff ff
0x00007ff892d96730:   4c 8b 00 48 8b d3 48 8b c8 41 ff 90 b0 00 00 00
0x00007ff892d96740:   90 48 83 c4 30 5b c3 cc cc cc cc cc cc cc cc cc
0x00007ff892d96750:   40 53 48 83 ec 20 48 8b 1d 4b 65 01 00 48 85 db
0x00007ff892d96760:   74 57 b8 ff ff ff ff f0 0f c1 43 10 83 f8 01 75
0x00007ff892d96770:   3d 48 85 db 74 38 48 8b 0b 48 85 c9 74 0d ff 15
0x00007ff892d96780:   24 0b 00 00 48 c7 03 00 00 00 00 48 8b 4b 08 48
0x00007ff892d96790:   85 c9 74 0d e8 77 c8 ff ff 48 c7 43 08 00 00 00
0x00007ff892d967a0:   00 ba 18 00 00 00 48 8b cb e8 62 c8 ff ff 48 c7
0x00007ff892d967b0:   05 ef 64 01 00 00 00 00 00 48 83 c4 20 5b c3 cc
0x00007ff892d967c0:   40 53 48 83 ec 20 48 8b 1d bb 64 01 00 48 85 db
0x00007ff892d967d0:   74 57 b8 ff ff ff ff f0 0f c1 43 10 83 f8 01 75
0x00007ff892d967e0:   3d 48 85 db 74 38 48 8b 0b 48 85 c9 74 0d ff 15
0x00007ff892d967f0:   b4 0a 00 00 48 c7 03 00 00 00 00 48 8b 4b 08 48
0x00007ff892d96800:   85 c9 74 0d e8 07 c8 ff ff 48 c7 43 08 00 00 00
0x00007ff892d96810:   00 ba 18 00 00 00 48 8b cb e8 f2 c7 ff ff 48 c7
0x00007ff892d96820:   05 5f 64 01 00 00 00 00 00 48 83 c4 20 5b c3 cc 


Stack slot to memory mapping:
stack at sp + 0 slots: 0x0 is NULL
stack at sp + 1 slots: 0x00007ff8c7eaf05b ucrtbase.dll
stack at sp + 2 slots: 0x0000028d9fb4dd80 points into unknown readable memory: 0x00009be48193aff5 | f5 af 93 81 e4 9b 00 00
stack at sp + 3 slots: 0x0000028d9fb4dd70 points into unknown readable memory: 0xdb009beb7e81f4d3 | d3 f4 81 7e eb 9b 00 db
stack at sp + 4 slots: 0xfffffffffffffffe is an unknown value
stack at sp + 5 slots: 0x00007ff892d93be0 glass.dll
stack at sp + 6 slots: 0x0000028d9fb4dd78 points into unknown readable memory: 0x00009be48193aff5 | f5 af 93 81 e4 9b 00 00
stack at sp + 7 slots: 0x00007ff8c7eb42d6 ucrtbase.dll

VM_Operation (0x000000d8ebefed30): Exit, mode: safepoint, requested by thread 0x0000028da5d4c8a0


---------------  P R O C E S S  ---------------

Threads class SMR info:
_java_thread_list=0x0000028da5c04b70, length=19, elements={
0x0000028dfe2dea70, 0x0000028dff3a06b0, 0x0000028dff3a18c0, 0x0000028dff3a54b0,
0x0000028dff3a5df0, 0x0000028dff3a6730, 0x0000028dff3a7690, 0x0000028dff3b8950,
0x0000028d9f4a7e70, 0x0000028d9fbb27c0, 0x0000028d9fa6cd80, 0x0000028d9f80b0c0,
0x0000028d9fba40d0, 0x0000028d9fcfae70, 0x0000028d9fddd2c0, 0x0000028d9fddd810,
0x0000028da6010200, 0x0000028d9f52af80, 0x0000028da5d4c8a0
}

Java Threads: ( => current thread )
  0x0000028dfe2dea70 JavaThread "main" [_thread_blocked, id=11220, stack(0x000000d8ec100000,0x000000d8ec200000)]
  0x0000028dff3a06b0 JavaThread "Reference Handler" daemon [_thread_blocked, id=9468, stack(0x000000d8ec800000,0x000000d8ec900000)]
  0x0000028dff3a18c0 JavaThread "Finalizer" daemon [_thread_blocked, id=14384, stack(0x000000d8ec900000,0x000000d8eca00000)]
  0x0000028dff3a54b0 JavaThread "Attach Listener" daemon [_thread_blocked, id=12084, stack(0x000000d8ecb00000,0x000000d8ecc00000)]
  0x0000028dff3a5df0 JavaThread "Service Thread" daemon [_thread_blocked, id=9748, stack(0x000000d8ecc00000,0x000000d8ecd00000)]
  0x0000028dff3a6730 JavaThread "Monitor Deflation Thread" daemon [_thread_blocked, id=14664, stack(0x000000d8ecd00000,0x000000d8ece00000)]
  0x0000028dff3a7690 JavaThread "C2 CompilerThread0" daemon [_thread_blocked, id=13568, stack(0x000000d8ece00000,0x000000d8ecf00000)]
  0x0000028dff3b8950 JavaThread "C1 CompilerThread0" daemon [_thread_blocked, id=13992, stack(0x000000d8ecf00000,0x000000d8ed000000)]
  0x0000028d9f4a7e70 JavaThread "Common-Cleaner" daemon [_thread_blocked, id=10284, stack(0x000000d8ed000000,0x000000d8ed100000)]
  0x0000028d9fbb27c0 JavaThread "JDWP Event Helper Thread" daemon [_thread_blocked, id=7820, stack(0x000000d8ed300000,0x000000d8ed400000)]
  0x0000028d9fa6cd80 JavaThread "Notification Thread" daemon [_thread_blocked, id=2228, stack(0x000000d8ed500000,0x000000d8ed600000)]
  0x0000028d9f80b0c0 JavaThread "QuantumRenderer-0" daemon [_thread_blocked, id=15024, stack(0x000000d8eda00000,0x000000d8edb00000)]
  0x0000028d9fba40d0 JavaThread "InvokeLaterDispatcher" daemon [_thread_blocked, id=14896, stack(0x000000d8edc00000,0x000000d8edd00000)]
  0x0000028d9fcfae70 JavaThread "JavaFX Application Thread" [_thread_blocked, id=5648, stack(0x000000d8edd00000,0x000000d8ede00000)]
  0x0000028d9fddd2c0 JavaThread "Thread-1" daemon [_thread_in_native, id=424, stack(0x000000d8ee000000,0x000000d8ee100000)]
  0x0000028d9fddd810 JavaThread "JavaFX-Launcher" [_thread_blocked, id=3956, stack(0x000000d8ee100000,0x000000d8ee200000)]
  0x0000028da6010200 JavaThread "Prism Font Disposer" daemon [_thread_blocked, id=8960, stack(0x000000d8ee500000,0x000000d8ee600000)]
  0x0000028d9f52af80 JavaThread "Cleaner-0" daemon [_thread_blocked, id=9532, stack(0x000000d8ed100000,0x000000d8ed200000)]
  0x0000028da5d4c8a0 JavaThread "SIGINT handler" daemon [_thread_blocked, id=9240, stack(0x000000d8ebe00000,0x000000d8ebf00000)]

Other Threads:
=>0x0000028dff382e60 VMThread "VM Thread" [stack: 0x000000d8ec700000,0x000000d8ec800000] [id=10276]
  0x0000028dfe339cf0 WorkerThread "GC Thread#0" [stack: 0x000000d8ec200000,0x000000d8ec300000] [id=4028]
  0x0000028d9fa50dd0 WorkerThread "GC Thread#1" [stack: 0x000000d8ed700000,0x000000d8ed800000] [id=10624]
  0x0000028d9f813e60 WorkerThread "GC Thread#2" [stack: 0x000000d8ed800000,0x000000d8ed900000] [id=9688]
  0x0000028d9f814130 WorkerThread "GC Thread#3" [stack: 0x000000d8ed900000,0x000000d8eda00000] [id=8436]
  0x0000028dfe349ba0 ConcurrentGCThread "G1 Main Marker" terminated
  0x0000028dfe34ad70 WorkerThread "G1 Conc#0" [stack: 0x000000d8ec400000,0x000000d8ec500000] [id=13140]
  0x0000028dfe3ae810 ConcurrentGCThread "G1 Refine#0" terminated
  0x0000028dff242400 ConcurrentGCThread "G1 Service" terminated

Threads with active compile tasks:

VM state: at safepoint (shutting down)

VM Mutex/Monitor currently owned by a thread:  ([mutex/lock_event])
[0x0000028dfe2d99d0] Threads_lock - owner thread: 0x0000028dff382e60
[0x0000028dfe2d9b80] Heap_lock - owner thread: 0x0000028da5d4c8a0

Heap address: 0x0000000089000000, size: 1904 MB, Compressed Oops mode: 32-bit

CDS archive(s) mapped at: [0x0000000800000000-0x0000000800c60000-0x0000000800c60000), size 12976128, SharedBaseAddress: 0x0000000800000000, ArchiveRelocationMode: 0.
Compressed class space mapped at: 0x0000000801000000-0x0000000841000000, reserved size: 1073741824
Narrow klass base: 0x0000000800000000, Narrow klass shift: 0, Narrow klass range: 0x100000000

GC Precious Log:
 CardTable entry size: 512
 Card Set container configuration: InlinePtr #cards 5 size 8 Array Of Cards #cards 12 size 40 Howl #buckets 4 coarsen threshold 1843 Howl Bitmap #cards 512 size 80 coarsen threshold 460 Card regions per heap region 1 cards per card region 2048
 CPUs: 4 total, 4 available
 Memory: 7611M
 Large Page Support: Disabled
 NUMA Support: Disabled
 Compressed Oops: Enabled (32-bit)
 Heap Region Size: 1M
 Heap Min Capacity: 8M
 Heap Initial Capacity: 120M
 Heap Max Capacity: 1904M
 Pre-touch: Disabled
 Parallel Workers: 4
 Concurrent Workers: 1
 Concurrent Refinement Workers: 4
 Periodic GC: Disabled

Heap:
 garbage-first heap   total 122880K, used 51377K [0x0000000089000000, 0x0000000100000000)
  region size 1024K, 49 young (50176K), 3 survivors (3072K)
 Metaspace       used 19182K, committed 19520K, reserved 1114112K
  class space    used 2630K, committed 2816K, reserved 1048576K

Heap Regions: E=young(eden), S=young(survivor), O=old, HS=humongous(starts), HC=humongous(continues), CS=collection set, F=free, OA=open archive, CA=closed archive, TAMS=top-at-mark-start, PB=parsable bottom
|   0|0x0000000089000000, 0x0000000089100000, 0x0000000089100000|100%| O|  |TAMS 0x0000000089000000| PB 0x0000000089000000| Untracked 
|   1|0x0000000089100000, 0x000000008912c600, 0x0000000089200000| 17%| O|  |TAMS 0x0000000089100000| PB 0x0000000089100000| Untracked 
|   2|0x0000000089200000, 0x0000000089300000, 0x0000000089300000|100%|HS|  |TAMS 0x0000000089200000| PB 0x0000000089200000| Complete 
|   3|0x0000000089300000, 0x0000000089400000, 0x0000000089400000|100%|HC|  |TAMS 0x0000000089300000| PB 0x0000000089300000| Complete 
|   4|0x0000000089400000, 0x0000000089400000, 0x0000000089500000|  0%| F|  |TAMS 0x0000000089400000| PB 0x0000000089400000| Untracked 
|   5|0x0000000089500000, 0x0000000089500000, 0x0000000089600000|  0%| F|  |TAMS 0x0000000089500000| PB 0x0000000089500000| Untracked 
|   6|0x0000000089600000, 0x0000000089600000, 0x0000000089700000|  0%| F|  |TAMS 0x0000000089600000| PB 0x0000000089600000| Untracked 
|   7|0x0000000089700000, 0x0000000089700000, 0x0000000089800000|  0%| F|  |TAMS 0x0000000089700000| PB 0x0000000089700000| Untracked 
|   8|0x0000000089800000, 0x0000000089800000, 0x0000000089900000|  0%| F|  |TAMS 0x0000000089800000| PB 0x0000000089800000| Untracked 
|   9|0x0000000089900000, 0x0000000089900000, 0x0000000089a00000|  0%| F|  |TAMS 0x0000000089900000| PB 0x0000000089900000| Untracked 
|  10|0x0000000089a00000, 0x0000000089a00000, 0x0000000089b00000|  0%| F|  |TAMS 0x0000000089a00000| PB 0x0000000089a00000| Untracked 
|  11|0x0000000089b00000, 0x0000000089b00000, 0x0000000089c00000|  0%| F|  |TAMS 0x0000000089b00000| PB 0x0000000089b00000| Untracked 
|  12|0x0000000089c00000, 0x0000000089c00000, 0x0000000089d00000|  0%| F|  |TAMS 0x0000000089c00000| PB 0x0000000089c00000| Untracked 
|  13|0x0000000089d00000, 0x0000000089d00000, 0x0000000089e00000|  0%| F|  |TAMS 0x0000000089d00000| PB 0x0000000089d00000| Untracked 
|  14|0x0000000089e00000, 0x0000000089e00000, 0x0000000089f00000|  0%| F|  |TAMS 0x0000000089e00000| PB 0x0000000089e00000| Untracked 
|  15|0x0000000089f00000, 0x0000000089f00000, 0x000000008a000000|  0%| F|  |TAMS 0x0000000089f00000| PB 0x0000000089f00000| Untracked 
|  16|0x000000008a000000, 0x000000008a000000, 0x000000008a100000|  0%| F|  |TAMS 0x000000008a000000| PB 0x000000008a000000| Untracked 
|  17|0x000000008a100000, 0x000000008a100000, 0x000000008a200000|  0%| F|  |TAMS 0x000000008a100000| PB 0x000000008a100000| Untracked 
|  18|0x000000008a200000, 0x000000008a200000, 0x000000008a300000|  0%| F|  |TAMS 0x000000008a200000| PB 0x000000008a200000| Untracked 
|  19|0x000000008a300000, 0x000000008a300000, 0x000000008a400000|  0%| F|  |TAMS 0x000000008a300000| PB 0x000000008a300000| Untracked 
|  20|0x000000008a400000, 0x000000008a400000, 0x000000008a500000|  0%| F|  |TAMS 0x000000008a400000| PB 0x000000008a400000| Untracked 
|  21|0x000000008a500000, 0x000000008a500000, 0x000000008a600000|  0%| F|  |TAMS 0x000000008a500000| PB 0x000000008a500000| Untracked 
|  22|0x000000008a600000, 0x000000008a600000, 0x000000008a700000|  0%| F|  |TAMS 0x000000008a600000| PB 0x000000008a600000| Untracked 
|  23|0x000000008a700000, 0x000000008a700000, 0x000000008a800000|  0%| F|  |TAMS 0x000000008a700000| PB 0x000000008a700000| Untracked 
|  24|0x000000008a800000, 0x000000008a800000, 0x000000008a900000|  0%| F|  |TAMS 0x000000008a800000| PB 0x000000008a800000| Untracked 
|  25|0x000000008a900000, 0x000000008a900000, 0x000000008aa00000|  0%| F|  |TAMS 0x000000008a900000| PB 0x000000008a900000| Untracked 
|  26|0x000000008aa00000, 0x000000008aa00000, 0x000000008ab00000|  0%| F|  |TAMS 0x000000008aa00000| PB 0x000000008aa00000| Untracked 
|  27|0x000000008ab00000, 0x000000008ab00000, 0x000000008ac00000|  0%| F|  |TAMS 0x000000008ab00000| PB 0x000000008ab00000| Untracked 
|  28|0x000000008ac00000, 0x000000008ac00000, 0x000000008ad00000|  0%| F|  |TAMS 0x000000008ac00000| PB 0x000000008ac00000| Untracked 
|  29|0x000000008ad00000, 0x000000008ad00000, 0x000000008ae00000|  0%| F|  |TAMS 0x000000008ad00000| PB 0x000000008ad00000| Untracked 
|  30|0x000000008ae00000, 0x000000008ae00000, 0x000000008af00000|  0%| F|  |TAMS 0x000000008ae00000| PB 0x000000008ae00000| Untracked 
|  31|0x000000008af00000, 0x000000008af00000, 0x000000008b000000|  0%| F|  |TAMS 0x000000008af00000| PB 0x000000008af00000| Untracked 
|  32|0x000000008b000000, 0x000000008b000000, 0x000000008b100000|  0%| F|  |TAMS 0x000000008b000000| PB 0x000000008b000000| Untracked 
|  33|0x000000008b100000, 0x000000008b100000, 0x000000008b200000|  0%| F|  |TAMS 0x000000008b100000| PB 0x000000008b100000| Untracked 
|  34|0x000000008b200000, 0x000000008b200000, 0x000000008b300000|  0%| F|  |TAMS 0x000000008b200000| PB 0x000000008b200000| Untracked 
|  35|0x000000008b300000, 0x000000008b300000, 0x000000008b400000|  0%| F|  |TAMS 0x000000008b300000| PB 0x000000008b300000| Untracked 
|  36|0x000000008b400000, 0x000000008b400000, 0x000000008b500000|  0%| F|  |TAMS 0x000000008b400000| PB 0x000000008b400000| Untracked 
|  37|0x000000008b500000, 0x000000008b500000, 0x000000008b600000|  0%| F|  |TAMS 0x000000008b500000| PB 0x000000008b500000| Untracked 
|  38|0x000000008b600000, 0x000000008b600000, 0x000000008b700000|  0%| F|  |TAMS 0x000000008b600000| PB 0x000000008b600000| Untracked 
|  39|0x000000008b700000, 0x000000008b700000, 0x000000008b800000|  0%| F|  |TAMS 0x000000008b700000| PB 0x000000008b700000| Untracked 
|  40|0x000000008b800000, 0x000000008b800000, 0x000000008b900000|  0%| F|  |TAMS 0x000000008b800000| PB 0x000000008b800000| Untracked 
|  41|0x000000008b900000, 0x000000008b900000, 0x000000008ba00000|  0%| F|  |TAMS 0x000000008b900000| PB 0x000000008b900000| Untracked 
|  42|0x000000008ba00000, 0x000000008ba00000, 0x000000008bb00000|  0%| F|  |TAMS 0x000000008ba00000| PB 0x000000008ba00000| Untracked 
|  43|0x000000008bb00000, 0x000000008bb00000, 0x000000008bc00000|  0%| F|  |TAMS 0x000000008bb00000| PB 0x000000008bb00000| Untracked 
|  44|0x000000008bc00000, 0x000000008bc00000, 0x000000008bd00000|  0%| F|  |TAMS 0x000000008bc00000| PB 0x000000008bc00000| Untracked 
|  45|0x000000008bd00000, 0x000000008bd00000, 0x000000008be00000|  0%| F|  |TAMS 0x000000008bd00000| PB 0x000000008bd00000| Untracked 
|  46|0x000000008be00000, 0x000000008be00000, 0x000000008bf00000|  0%| F|  |TAMS 0x000000008be00000| PB 0x000000008be00000| Untracked 
|  47|0x000000008bf00000, 0x000000008bf00000, 0x000000008c000000|  0%| F|  |TAMS 0x000000008bf00000| PB 0x000000008bf00000| Untracked 
|  48|0x000000008c000000, 0x000000008c000000, 0x000000008c100000|  0%| F|  |TAMS 0x000000008c000000| PB 0x000000008c000000| Untracked 
|  49|0x000000008c100000, 0x000000008c100000, 0x000000008c200000|  0%| F|  |TAMS 0x000000008c100000| PB 0x000000008c100000| Untracked 
|  50|0x000000008c200000, 0x000000008c200000, 0x000000008c300000|  0%| F|  |TAMS 0x000000008c200000| PB 0x000000008c200000| Untracked 
|  51|0x000000008c300000, 0x000000008c300000, 0x000000008c400000|  0%| F|  |TAMS 0x000000008c300000| PB 0x000000008c300000| Untracked 
|  52|0x000000008c400000, 0x000000008c400000, 0x000000008c500000|  0%| F|  |TAMS 0x000000008c400000| PB 0x000000008c400000| Untracked 
|  53|0x000000008c500000, 0x000000008c500000, 0x000000008c600000|  0%| F|  |TAMS 0x000000008c500000| PB 0x000000008c500000| Untracked 
|  54|0x000000008c600000, 0x000000008c600000, 0x000000008c700000|  0%| F|  |TAMS 0x000000008c600000| PB 0x000000008c600000| Untracked 
|  55|0x000000008c700000, 0x000000008c700000, 0x000000008c800000|  0%| F|  |TAMS 0x000000008c700000| PB 0x000000008c700000| Untracked 
|  56|0x000000008c800000, 0x000000008c800000, 0x000000008c900000|  0%| F|  |TAMS 0x000000008c800000| PB 0x000000008c800000| Untracked 
|  57|0x000000008c900000, 0x000000008c900000, 0x000000008ca00000|  0%| F|  |TAMS 0x000000008c900000| PB 0x000000008c900000| Untracked 
|  58|0x000000008ca00000, 0x000000008ca00000, 0x000000008cb00000|  0%| F|  |TAMS 0x000000008ca00000| PB 0x000000008ca00000| Untracked 
|  59|0x000000008cb00000, 0x000000008cb00000, 0x000000008cc00000|  0%| F|  |TAMS 0x000000008cb00000| PB 0x000000008cb00000| Untracked 
|  60|0x000000008cc00000, 0x000000008cc00000, 0x000000008cd00000|  0%| F|  |TAMS 0x000000008cc00000| PB 0x000000008cc00000| Untracked 
|  61|0x000000008cd00000, 0x000000008cd00000, 0x000000008ce00000|  0%| F|  |TAMS 0x000000008cd00000| PB 0x000000008cd00000| Untracked 
|  62|0x000000008ce00000, 0x000000008ce00000, 0x000000008cf00000|  0%| F|  |TAMS 0x000000008ce00000| PB 0x000000008ce00000| Untracked 
|  63|0x000000008cf00000, 0x000000008cf00000, 0x000000008d000000|  0%| F|  |TAMS 0x000000008cf00000| PB 0x000000008cf00000| Untracked 
|  64|0x000000008d000000, 0x000000008d000000, 0x000000008d100000|  0%| F|  |TAMS 0x000000008d000000| PB 0x000000008d000000| Untracked 
|  65|0x000000008d100000, 0x000000008d100000, 0x000000008d200000|  0%| F|  |TAMS 0x000000008d100000| PB 0x000000008d100000| Untracked 
|  66|0x000000008d200000, 0x000000008d200000, 0x000000008d300000|  0%| F|  |TAMS 0x000000008d200000| PB 0x000000008d200000| Untracked 
|  67|0x000000008d300000, 0x000000008d300000, 0x000000008d400000|  0%| F|  |TAMS 0x000000008d300000| PB 0x000000008d300000| Untracked 
|  68|0x000000008d400000, 0x000000008d400000, 0x000000008d500000|  0%| F|  |TAMS 0x000000008d400000| PB 0x000000008d400000| Untracked 
|  69|0x000000008d500000, 0x000000008d500000, 0x000000008d600000|  0%| F|  |TAMS 0x000000008d500000| PB 0x000000008d500000| Untracked 
|  70|0x000000008d600000, 0x000000008d600000, 0x000000008d700000|  0%| F|  |TAMS 0x000000008d600000| PB 0x000000008d600000| Untracked 
|  71|0x000000008d700000, 0x000000008d800000, 0x000000008d800000|100%| E|  |TAMS 0x000000008d700000| PB 0x000000008d700000| Complete 
|  72|0x000000008d800000, 0x000000008d900000, 0x000000008d900000|100%| E|CS|TAMS 0x000000008d800000| PB 0x000000008d800000| Complete 
|  73|0x000000008d900000, 0x000000008da00000, 0x000000008da00000|100%| E|CS|TAMS 0x000000008d900000| PB 0x000000008d900000| Complete 
|  74|0x000000008da00000, 0x000000008db00000, 0x000000008db00000|100%| E|CS|TAMS 0x000000008da00000| PB 0x000000008da00000| Complete 
|  75|0x000000008db00000, 0x000000008dc00000, 0x000000008dc00000|100%| E|CS|TAMS 0x000000008db00000| PB 0x000000008db00000| Complete 
|  76|0x000000008dc00000, 0x000000008dd00000, 0x000000008dd00000|100%| E|CS|TAMS 0x000000008dc00000| PB 0x000000008dc00000| Complete 
|  77|0x000000008dd00000, 0x000000008de00000, 0x000000008de00000|100%| E|CS|TAMS 0x000000008dd00000| PB 0x000000008dd00000| Complete 
|  78|0x000000008de00000, 0x000000008df00000, 0x000000008df00000|100%| E|CS|TAMS 0x000000008de00000| PB 0x000000008de00000| Complete 
|  79|0x000000008df00000, 0x000000008e000000, 0x000000008e000000|100%| E|CS|TAMS 0x000000008df00000| PB 0x000000008df00000| Complete 
|  80|0x000000008e000000, 0x000000008e100000, 0x000000008e100000|100%| E|CS|TAMS 0x000000008e000000| PB 0x000000008e000000| Complete 
|  81|0x000000008e100000, 0x000000008e200000, 0x000000008e200000|100%| E|CS|TAMS 0x000000008e100000| PB 0x000000008e100000| Complete 
|  82|0x000000008e200000, 0x000000008e300000, 0x000000008e300000|100%| E|CS|TAMS 0x000000008e200000| PB 0x000000008e200000| Complete 
|  83|0x000000008e300000, 0x000000008e400000, 0x000000008e400000|100%| E|CS|TAMS 0x000000008e300000| PB 0x000000008e300000| Complete 
|  84|0x000000008e400000, 0x000000008e4fff80, 0x000000008e500000| 99%| E|  |TAMS 0x000000008e400000| PB 0x000000008e400000| Complete 
|  85|0x000000008e500000, 0x000000008e600000, 0x000000008e600000|100%| E|CS|TAMS 0x000000008e500000| PB 0x000000008e500000| Complete 
|  86|0x000000008e600000, 0x000000008e700000, 0x000000008e700000|100%| E|CS|TAMS 0x000000008e600000| PB 0x000000008e600000| Complete 
|  87|0x000000008e700000, 0x000000008e800000, 0x000000008e800000|100%| E|CS|TAMS 0x000000008e700000| PB 0x000000008e700000| Complete 
|  88|0x000000008e800000, 0x000000008e900000, 0x000000008e900000|100%| E|CS|TAMS 0x000000008e800000| PB 0x000000008e800000| Complete 
|  89|0x000000008e900000, 0x000000008ea00000, 0x000000008ea00000|100%| E|CS|TAMS 0x000000008e900000| PB 0x000000008e900000| Complete 
|  90|0x000000008ea00000, 0x000000008eb00000, 0x000000008eb00000|100%| E|CS|TAMS 0x000000008ea00000| PB 0x000000008ea00000| Complete 
|  91|0x000000008eb00000, 0x000000008ec00000, 0x000000008ec00000|100%| E|CS|TAMS 0x000000008eb00000| PB 0x000000008eb00000| Complete 
|  92|0x000000008ec00000, 0x000000008ed00000, 0x000000008ed00000|100%| E|CS|TAMS 0x000000008ec00000| PB 0x000000008ec00000| Complete 
|  93|0x000000008ed00000, 0x000000008ee00000, 0x000000008ee00000|100%| E|CS|TAMS 0x000000008ed00000| PB 0x000000008ed00000| Complete 
|  94|0x000000008ee00000, 0x000000008ef00000, 0x000000008ef00000|100%| E|CS|TAMS 0x000000008ee00000| PB 0x000000008ee00000| Complete 
|  95|0x000000008ef00000, 0x000000008f000000, 0x000000008f000000|100%| E|CS|TAMS 0x000000008ef00000| PB 0x000000008ef00000| Complete 
|  96|0x000000008f000000, 0x000000008f100000, 0x000000008f100000|100%| S|CS|TAMS 0x000000008f000000| PB 0x000000008f000000| Complete 
|  97|0x000000008f100000, 0x000000008f200000, 0x000000008f200000|100%| S|CS|TAMS 0x000000008f100000| PB 0x000000008f100000| Complete 
|  98|0x000000008f200000, 0x000000008f300000, 0x000000008f300000|100%| S|CS|TAMS 0x000000008f200000| PB 0x000000008f200000| Complete 
|  99|0x000000008f300000, 0x000000008f400000, 0x000000008f400000|100%| E|CS|TAMS 0x000000008f300000| PB 0x000000008f300000| Complete 
| 100|0x000000008f400000, 0x000000008f500000, 0x000000008f500000|100%| E|CS|TAMS 0x000000008f400000| PB 0x000000008f400000| Complete 
| 101|0x000000008f500000, 0x000000008f600000, 0x000000008f600000|100%| E|CS|TAMS 0x000000008f500000| PB 0x000000008f500000| Complete 
| 102|0x000000008f600000, 0x000000008f700000, 0x000000008f700000|100%| E|CS|TAMS 0x000000008f600000| PB 0x000000008f600000| Complete 
| 103|0x000000008f700000, 0x000000008f800000, 0x000000008f800000|100%| E|CS|TAMS 0x000000008f700000| PB 0x000000008f700000| Complete 
| 104|0x000000008f800000, 0x000000008f900000, 0x000000008f900000|100%| E|CS|TAMS 0x000000008f800000| PB 0x000000008f800000| Complete 
| 105|0x000000008f900000, 0x000000008fa00000, 0x000000008fa00000|100%| E|CS|TAMS 0x000000008f900000| PB 0x000000008f900000| Complete 
| 106|0x000000008fa00000, 0x000000008fb00000, 0x000000008fb00000|100%| E|CS|TAMS 0x000000008fa00000| PB 0x000000008fa00000| Complete 
| 107|0x000000008fb00000, 0x000000008fc00000, 0x000000008fc00000|100%| E|CS|TAMS 0x000000008fb00000| PB 0x000000008fb00000| Complete 
| 108|0x000000008fc00000, 0x000000008fd00000, 0x000000008fd00000|100%| E|CS|TAMS 0x000000008fc00000| PB 0x000000008fc00000| Complete 
| 109|0x000000008fd00000, 0x000000008fe00000, 0x000000008fe00000|100%| E|CS|TAMS 0x000000008fd00000| PB 0x000000008fd00000| Complete 
| 110|0x000000008fe00000, 0x000000008ff00000, 0x000000008ff00000|100%| E|CS|TAMS 0x000000008fe00000| PB 0x000000008fe00000| Complete 
| 111|0x000000008ff00000, 0x0000000090000000, 0x0000000090000000|100%| E|CS|TAMS 0x000000008ff00000| PB 0x000000008ff00000| Complete 
| 112|0x0000000090000000, 0x0000000090100000, 0x0000000090100000|100%| E|CS|TAMS 0x0000000090000000| PB 0x0000000090000000| Complete 
| 113|0x0000000090100000, 0x0000000090200000, 0x0000000090200000|100%| E|CS|TAMS 0x0000000090100000| PB 0x0000000090100000| Complete 
| 114|0x0000000090200000, 0x0000000090300000, 0x0000000090300000|100%| E|CS|TAMS 0x0000000090200000| PB 0x0000000090200000| Complete 
| 115|0x0000000090300000, 0x0000000090400000, 0x0000000090400000|100%| E|CS|TAMS 0x0000000090300000| PB 0x0000000090300000| Complete 
| 116|0x0000000090400000, 0x0000000090500000, 0x0000000090500000|100%| E|CS|TAMS 0x0000000090400000| PB 0x0000000090400000| Complete 
| 117|0x0000000090500000, 0x0000000090600000, 0x0000000090600000|100%| E|CS|TAMS 0x0000000090500000| PB 0x0000000090500000| Complete 
| 118|0x0000000090600000, 0x0000000090700000, 0x0000000090700000|100%| E|CS|TAMS 0x0000000090600000| PB 0x0000000090600000| Complete 
| 119|0x0000000090700000, 0x0000000090800000, 0x0000000090800000|100%| E|CS|TAMS 0x0000000090700000| PB 0x0000000090700000| Complete 

Card table byte_map: [0x0000028dfe770000,0x0000028dfeb30000] _byte_map_base: 0x0000028dfe328000

Marking Bits: (CMBitMap*) 0x0000028dfe33a320
 Bits: [0x0000028d97270000, 0x0000028d99030000)

Polling page: 0x0000028dfdab0000

Metaspace:

Usage:
  Non-class:     16.16 MB used.
      Class:      2.57 MB used.
       Both:     18.73 MB used.

Virtual space:
  Non-class space:       64.00 MB reserved,      16.31 MB ( 25%) committed,  1 nodes.
      Class space:        1.00 GB reserved,       2.75 MB ( <1%) committed,  1 nodes.
             Both:        1.06 GB reserved,      19.06 MB (  2%) committed. 

Chunk freelists:
   Non-Class:  3.00 MB
       Class:  1.30 MB
        Both:  4.30 MB

MaxMetaspaceSize: unlimited
CompressedClassSpaceSize: 1.00 GB
Initial GC threshold: 21.00 MB
Current GC threshold: 21.00 MB
CDS: on
MetaspaceReclaimPolicy: balanced
 - commit_granule_bytes: 65536.
 - commit_granule_words: 8192.
 - virtual_space_node_default_size: 8388608.
 - enlarge_chunks_in_place: 1.
 - new_chunks_are_fully_committed: 0.
 - uncommit_free_chunks: 1.
 - use_allocation_guard: 0.


Internal statistics:

num_allocs_failed_limit: 0.
num_arena_births: 376.
num_arena_deaths: 0.
num_vsnodes_births: 2.
num_vsnodes_deaths: 0.
num_space_committed: 305.
num_space_uncommitted: 0.
num_chunks_returned_to_freelist: 0.
num_chunks_taken_from_freelist: 979.
num_chunk_merges: 0.
num_chunk_splits: 666.
num_chunks_enlarged: 490.
num_inconsistent_stats: 0.

CodeHeap 'non-profiled nmethods': size=120000Kb used=1550Kb max_used=1550Kb free=118449Kb
 bounds [0x0000028d8fd40000, 0x0000028d8ffb0000, 0x0000028d97270000]
CodeHeap 'profiled nmethods': size=120000Kb used=6810Kb max_used=6810Kb free=113189Kb
 bounds [0x0000028d88270000, 0x0000028d88920000, 0x0000028d8f7a0000]
CodeHeap 'non-nmethods': size=5760Kb used=1924Kb max_used=1952Kb free=3835Kb
 bounds [0x0000028d8f7a0000, 0x0000028d8fa10000, 0x0000028d8fd40000]
 total_blobs=4361 nmethods=3540 adapters=731
 compilation: enabled
              stopped_count=0, restarted_count=0
 full_count=0

Compilation events (20 events):
Event: 9.611 Thread 0x0000028dff3b8950 3532       3       com.sun.prism.impl.VertexBuffer::setPerVertexColor (63 bytes)
Event: 9.611 Thread 0x0000028dff3b8950 nmethod 3532 0x0000028d88914810 code [0x0000028d889149e0, 0x0000028d88914c10]
Event: 9.650 Thread 0x0000028dff3b8950 3533       3       java.util.concurrent.locks.AbstractQueuedSynchronizer$Node::<init> (5 bytes)
Event: 9.651 Thread 0x0000028dff3b8950 nmethod 3533 0x0000028d88914d10 code [0x0000028d88914ea0, 0x0000028d88915008]
Event: 9.840 Thread 0x0000028dff3a7690 3534       4       jdk.internal.util.Preconditions::checkIndex (18 bytes)
Event: 9.840 Thread 0x0000028dff3a7690 nmethod 3534 0x0000028d8fec2010 code [0x0000028d8fec2180, 0x0000028d8fec2228]
Event: 83.333 Thread 0x0000028dff3b8950 3535       3       java.lang.Math::max (12 bytes)
Event: 83.333 Thread 0x0000028dff3b8950 nmethod 3535 0x0000028d88915090 code [0x0000028d88915220, 0x0000028d88915360]
Event: 83.335 Thread 0x0000028dff3b8950 3536       3       javafx.stage.Window::buildEventDispatchChain (32 bytes)
Event: 83.336 Thread 0x0000028dff3b8950 nmethod 3536 0x0000028d88915410 code [0x0000028d889155e0, 0x0000028d88915b10]
Event: 83.352 Thread 0x0000028dff3b8950 3537       1       java.nio.Buffer::capacity (5 bytes)
Event: 83.352 Thread 0x0000028dff3b8950 nmethod 3537 0x0000028d8fec2310 code [0x0000028d8fec2480, 0x0000028d8fec2548]
Event: 83.353 Thread 0x0000028dff3a7690 3538       4       sun.security.provider.SHA2::implCompress0 (448 bytes)
Event: 83.359 Thread 0x0000028dff3b8950 3539       3       java.security.MessageDigest$Delegate::engineUpdate (11 bytes)
Event: 83.360 Thread 0x0000028dff3b8950 nmethod 3539 0x0000028d88915d10 code [0x0000028d88915ea0, 0x0000028d88916098]
Event: 83.360 Thread 0x0000028dff3b8950 3540       3       java.security.MessageDigest::update (45 bytes)
Event: 83.360 Thread 0x0000028dff3b8950 nmethod 3540 0x0000028d88916190 code [0x0000028d88916360, 0x0000028d88916860]
Event: 83.380 Thread 0x0000028dff3a7690 nmethod 3538 0x0000028d8fec2610 code [0x0000028d8fec27a0, 0x0000028d8fec3310]
Event: 83.426 Thread 0x0000028dff3b8950 3541       1       java.util.logging.LogManager$LoggerContext::getOwner (5 bytes)
Event: 83.426 Thread 0x0000028dff3b8950 nmethod 3541 0x0000028d8fec3790 code [0x0000028d8fec3900, 0x0000028d8fec39c8]

GC Heap History (4 events):
Event: 0.534 GC heap before
{Heap before GC invocations=0 (full 0):
 garbage-first heap   total 122880K, used 13312K [0x0000000089000000, 0x0000000100000000)
  region size 1024K, 13 young (13312K), 0 survivors (0K)
 Metaspace       used 1782K, committed 1984K, reserved 1114112K
  class space    used 186K, committed 256K, reserved 1048576K
}
Event: 0.541 GC heap after
{Heap after GC invocations=1 (full 0):
 garbage-first heap   total 122880K, used 1536K [0x0000000089000000, 0x0000000100000000)
  region size 1024K, 2 young (2048K), 2 survivors (2048K)
 Metaspace       used 1782K, committed 1984K, reserved 1114112K
  class space    used 186K, committed 256K, reserved 1048576K
}
Event: 1.155 GC heap before
{Heap before GC invocations=1 (full 0):
 garbage-first heap   total 122880K, used 19968K [0x0000000089000000, 0x0000000100000000)
  region size 1024K, 21 young (21504K), 2 survivors (2048K)
 Metaspace       used 8266K, committed 8512K, reserved 1114112K
  class space    used 1011K, committed 1088K, reserved 1048576K
}
Event: 1.160 GC heap after
{Heap after GC invocations=2 (full 0):
 garbage-first heap   total 122880K, used 4273K [0x0000000089000000, 0x0000000100000000)
  region size 1024K, 3 young (3072K), 3 survivors (3072K)
 Metaspace       used 8266K, committed 8512K, reserved 1114112K
  class space    used 1011K, committed 1088K, reserved 1048576K
}

Dll operation events (20 events):
Event: 0.505 Loaded shared library C:\Users\Valodya\.jdks\temurin-20.0.1\bin\api-ms-win-crt-filesystem-l1-1-0.dll
Event: 0.506 Loaded shared library C:\Users\Valodya\.jdks\temurin-20.0.1\bin\api-ms-win-crt-heap-l1-1-0.dll
Event: 0.507 Loaded shared library C:\Users\Valodya\.jdks\temurin-20.0.1\bin\api-ms-win-crt-locale-l1-1-0.dll
Event: 0.509 Loaded shared library C:\Users\Valodya\.jdks\temurin-20.0.1\bin\api-ms-win-crt-math-l1-1-0.dll
Event: 0.510 Loaded shared library C:\Users\Valodya\.jdks\temurin-20.0.1\bin\api-ms-win-crt-multibyte-l1-1-0.dll
Event: 0.511 Loaded shared library C:\Users\Valodya\.jdks\temurin-20.0.1\bin\api-ms-win-crt-private-l1-1-0.dll
Event: 0.513 Loaded shared library C:\Users\Valodya\.jdks\temurin-20.0.1\bin\api-ms-win-crt-process-l1-1-0.dll
Event: 0.515 Loaded shared library C:\Users\Valodya\.jdks\temurin-20.0.1\bin\api-ms-win-crt-runtime-l1-1-0.dll
Event: 0.516 Loaded shared library C:\Users\Valodya\.jdks\temurin-20.0.1\bin\api-ms-win-crt-stdio-l1-1-0.dll
Event: 0.518 Loaded shared library C:\Users\Valodya\.jdks\temurin-20.0.1\bin\api-ms-win-crt-string-l1-1-0.dll
Event: 0.519 Loaded shared library C:\Users\Valodya\.jdks\temurin-20.0.1\bin\api-ms-win-crt-time-l1-1-0.dll
Event: 0.521 Loaded shared library C:\Users\Valodya\.jdks\temurin-20.0.1\bin\api-ms-win-crt-utility-l1-1-0.dll
Event: 0.523 Loaded shared library C:\Users\Valodya\.jdks\temurin-20.0.1\bin\ucrtbase.dll
Event: 0.524 Loaded shared library C:\Users\Valodya\.jdks\temurin-20.0.1\bin\vcruntime140.dll
Event: 0.526 Loaded shared library C:\Users\Valodya\.jdks\temurin-20.0.1\bin\msvcp140.dll
Event: 0.527 Loaded shared library C:\Windows\System32\concrt140.dll
Event: 0.661 Loaded shared library C:\Users\Valodya\.openjfx\cache\11.0.2\prism_d3d.dll
Event: 0.734 Loaded shared library C:\Users\Valodya\.openjfx\cache\11.0.2\glass.dll
Event: 0.894 Loaded shared library C:\Users\Valodya\.jdks\temurin-20.0.1\bin\jimage.dll
Event: 1.112 Loaded shared library C:\Users\Valodya\.openjfx\cache\11.0.2\javafx_font.dll

Deoptimization events (20 events):
Event: 9.839 Thread 0x0000028d9fcfae70 Uncommon trap: trap_request=0xffffff45 fr.pc=0x0000028d8fdcc678 relative=0x0000000000002b18
Event: 9.839 Thread 0x0000028d9fcfae70 Uncommon trap: reason=unstable_if action=reinterpret pc=0x0000028d8fdcc678 method=java.util.jar.Manifest$FastInputStream.readLine([BII)I @ 106 c2
Event: 9.839 Thread 0x0000028d9fcfae70 DEOPT PACKING pc=0x0000028d8fdcc678 sp=0x000000d8eddf8ac0
Event: 9.839 Thread 0x0000028d9fcfae70 DEOPT UNPACKING pc=0x0000028d8f809d22 sp=0x000000d8eddf8a20 mode 2
Event: 10.164 Thread 0x0000028d9fcfae70 Uncommon trap: trap_request=0xffffff45 fr.pc=0x0000028d8fe3b0cc relative=0x0000000000001b0c
Event: 10.164 Thread 0x0000028d9fcfae70 Uncommon trap: reason=unstable_if action=reinterpret pc=0x0000028d8fe3b0cc method=java.lang.String.<init>(Ljava/nio/charset/Charset;[BII)V @ 364 c2
Event: 10.164 Thread 0x0000028d9fcfae70 DEOPT PACKING pc=0x0000028d8fe3b0cc sp=0x000000d8eddf9aa0
Event: 10.164 Thread 0x0000028d9fcfae70 DEOPT UNPACKING pc=0x0000028d8f809d22 sp=0x000000d8eddf9a40 mode 2
Event: 83.353 Thread 0x0000028d9fcfae70 DEOPT PACKING pc=0x0000028d88526ef8 sp=0x000000d8eddf5090
Event: 83.353 Thread 0x0000028d9fcfae70 DEOPT UNPACKING pc=0x0000028d8f80a4c2 sp=0x000000d8eddf4518 mode 0
Event: 83.354 Thread 0x0000028d9fcfae70 DEOPT PACKING pc=0x0000028d88526ef8 sp=0x000000d8eddf8a30
Event: 83.354 Thread 0x0000028d9fcfae70 DEOPT UNPACKING pc=0x0000028d8f80a4c2 sp=0x000000d8eddf7eb8 mode 0
Event: 83.359 Thread 0x0000028d9fcfae70 DEOPT PACKING pc=0x0000028d88526ef8 sp=0x000000d8eddf5330
Event: 83.359 Thread 0x0000028d9fcfae70 DEOPT UNPACKING pc=0x0000028d8f80a4c2 sp=0x000000d8eddf47b8 mode 0
Event: 83.360 Thread 0x0000028d9fcfae70 DEOPT PACKING pc=0x0000028d88526ef8 sp=0x000000d8eddf5330
Event: 83.360 Thread 0x0000028d9fcfae70 DEOPT UNPACKING pc=0x0000028d8f80a4c2 sp=0x000000d8eddf47b8 mode 0
Event: 83.360 Thread 0x0000028d9fcfae70 DEOPT PACKING pc=0x0000028d88526ef8 sp=0x000000d8eddf5350
Event: 83.360 Thread 0x0000028d9fcfae70 DEOPT UNPACKING pc=0x0000028d8f80a4c2 sp=0x000000d8eddf47d8 mode 0
Event: 83.424 Thread 0x0000028da5d4cdf0 DEOPT PACKING pc=0x0000028d883a6034 sp=0x000000d8ec0ff430
Event: 83.424 Thread 0x0000028da5d4cdf0 DEOPT UNPACKING pc=0x0000028d8f80a4c2 sp=0x000000d8ec0fe890 mode 1

Classes loaded (20 events):
Event: 3.986 Loading class java/util/Button
Event: 3.986 Loading class java/util/Button done
Event: 5.716 Loading class java/text/BreakIterator
Event: 5.716 Loading class java/text/BreakIterator done
Event: 5.716 Loading class sun/util/locale/provider/BreakIteratorProviderImpl
Event: 5.716 Loading class sun/util/locale/provider/BreakIteratorProviderImpl done
Event: 5.716 Loading class sun/util/locale/provider/BaseLocaleDataMetaInfo
Event: 5.717 Loading class sun/util/locale/provider/BaseLocaleDataMetaInfo done
Event: 5.718 Loading class sun/util/locale/provider/BreakIteratorProviderImpl$GraphemeBreakIterator
Event: 5.718 Loading class sun/util/locale/provider/BreakIteratorProviderImpl$GraphemeBreakIterator done
Event: 5.718 Loading class java/text/StringCharacterIterator
Event: 5.718 Loading class java/text/StringCharacterIterator done
Event: 5.718 Loading class sun/util/locale/provider/BreakIteratorProviderImpl$CharacterIteratorCharSequence
Event: 5.718 Loading class sun/util/locale/provider/BreakIteratorProviderImpl$CharacterIteratorCharSequence done
Event: 5.718 Loading class java/text/BreakIterator$BreakIteratorCache
Event: 5.718 Loading class java/text/BreakIterator$BreakIteratorCache done
Event: 10.163 Loading class java/io/DataOutputStream
Event: 10.163 Loading class java/io/DataOutputStream done
Event: 83.402 Loading class jdk/internal/misc/Signal$1
Event: 83.422 Loading class jdk/internal/misc/Signal$1 done

Classes unloaded (0 events):
No events

Classes redefined (0 events):
No events

Internal exceptions (20 events):
Event: 2.213 Thread 0x0000028d9fcfae70 Exception <a 'java/lang/ClassNotFoundException'{0x000000008eb7d698}: com/sun/javafx/scene/control/skin/resources/controls_ru> (0x000000008eb7d698) 
thrown [s\src\hotspot\share\prims\jni.cpp, line 538]
Event: 2.213 Thread 0x0000028d9fcfae70 Exception <a 'java/lang/ClassNotFoundException'{0x000000008eb7e8f0}: com/sun/javafx/scene/control/skin/resources/controls_ru_RU> (0x000000008eb7e8f0) 
thrown [s\src\hotspot\share\prims\jni.cpp, line 538]
Event: 2.437 Thread 0x0000028d9fcfae70 Exception <a 'java/lang/NoSuchMethodError'{0x000000008e7c3990}: 'int java.lang.invoke.DirectMethodHandle$Holder.invokeSpecial(java.lang.Object, java.lang.Object, int)'> (0x000000008e7c3990) 
thrown [s\src\hotspot\share\interpreter\linkResolver.cpp, line 773]
Event: 2.507 Thread 0x0000028d9fcfae70 Exception <a 'java/lang/NoSuchMethodError'{0x000000008e51f128}: 'int java.lang.invoke.DirectMethodHandle$Holder.invokeSpecial(java.lang.Object, java.lang.Object, java.lang.Object, int)'> (0x000000008e51f128) 
thrown [s\src\hotspot\share\interpreter\linkResolver.cpp, line 773]
Event: 2.509 Thread 0x0000028d9fcfae70 Exception <a 'java/lang/NoSuchMethodError'{0x000000008e5267f8}: 'int java.lang.invoke.DirectMethodHandle$Holder.invokeSpecial(java.lang.Object, java.lang.Object, java.lang.Object)'> (0x000000008e5267f8) 
thrown [s\src\hotspot\share\interpreter\linkResolver.cpp, line 773]
Event: 2.646 Thread 0x0000028d9fcfae70 Exception <a 'java/io/FileNotFoundException'{0x000000008e42e230}> (0x000000008e42e230) 
thrown [s\src\hotspot\share\prims\jni.cpp, line 519]
Event: 2.646 Thread 0x0000028d9fcfae70 Exception <a 'java/io/FileNotFoundException'{0x000000008e45d688}> (0x000000008e45d688) 
thrown [s\src\hotspot\share\prims\jni.cpp, line 519]
Event: 2.647 Thread 0x0000028d9fcfae70 Exception <a 'java/io/FileNotFoundException'{0x000000008e461bf8}> (0x000000008e461bf8) 
thrown [s\src\hotspot\share\prims\jni.cpp, line 519]
Event: 2.647 Thread 0x0000028d9fcfae70 Exception <a 'java/io/FileNotFoundException'{0x000000008e4633e8}> (0x000000008e4633e8) 
thrown [s\src\hotspot\share\prims\jni.cpp, line 519]
Event: 2.753 Thread 0x0000028d9fcfae70 Exception <a 'java/lang/NoSuchMethodError'{0x000000008e24e8f0}: 'java.lang.Object java.lang.invoke.DirectMethodHandle$Holder.newInvokeSpecial(java.lang.Object, java.lang.Object, int)'> (0x000000008e24e8f0) 
thrown [s\src\hotspot\share\interpreter\linkResolver.cpp, line 773]
Event: 3.029 Thread 0x0000028d9f80b0c0 Exception <a 'java/lang/NoSuchMethodError'{0x000000008dee5610}: 'java.lang.Object java.lang.invoke.DirectMethodHandle$Holder.invokeStaticInit(java.lang.Object, int)'> (0x000000008dee5610) 
thrown [s\src\hotspot\share\interpreter\linkResolver.cpp, line 773]
Event: 3.844 Thread 0x0000028d9fcfae70 Exception <a 'java/lang/NoSuchMethodError'{0x000000008dc232e8}: 'long java.lang.invoke.DirectMethodHandle$Holder.invokeStatic(java.lang.Object, java.lang.Object, java.lang.Object)'> (0x000000008dc232e8) 
thrown [s\src\hotspot\share\interpreter\linkResolver.cpp, line 773]
Event: 3.845 Thread 0x0000028d9fcfae70 Exception <a 'java/lang/NoSuchMethodError'{0x000000008dc266b8}: 'long java.lang.invoke.DirectMethodHandle$Holder.invokeStaticInit(java.lang.Object, java.lang.Object, java.lang.Object)'> (0x000000008dc266b8) 
thrown [s\src\hotspot\share\interpreter\linkResolver.cpp, line 773]
Event: 3.847 Thread 0x0000028d9fcfae70 Exception <a 'java/lang/NoSuchMethodError'{0x000000008dc3eca0}: 'java.lang.Object java.lang.invoke.DirectMethodHandle$Holder.newInvokeSpecial(java.lang.Object, java.lang.Object, long)'> (0x000000008dc3eca0) 
thrown [s\src\hotspot\share\interpreter\linkResolver.cpp, line 773]
Event: 3.848 Thread 0x0000028d9fcfae70 Exception <a 'java/lang/NoSuchMethodError'{0x000000008dc42598}: 'java.lang.Object java.lang.invoke.Invokers$Holder.linkToTargetMethod(java.lang.Object, long, java.lang.Object)'> (0x000000008dc42598) 
thrown [s\src\hotspot\share\interpreter\linkResolver.cpp, line 773]
Event: 3.949 Thread 0x0000028d9fcfae70 Exception <a 'sun/nio/fs/WindowsException'{0x000000008dcd2700}> (0x000000008dcd2700) 
thrown [s\src\hotspot\share\prims\jni.cpp, line 519]
Event: 3.953 Thread 0x0000028d9fcfae70 Exception <a 'java/lang/ClassNotFoundException'{0x000000008dce19d0}: sun/util/logging/resources/spi/loggingProvider> (0x000000008dce19d0) 
thrown [s\src\hotspot\share\classfile\systemDictionary.cpp, line 305]
Event: 3.981 Thread 0x0000028d9fcfae70 Exception <a 'java/lang/NoSuchMethodError'{0x000000008db6cae0}: 'void java.lang.invoke.DirectMethodHandle$Holder.invokeSpecial(java.lang.Object, java.lang.Object, int)'> (0x000000008db6cae0) 
thrown [s\src\hotspot\share\interpreter\linkResolver.cpp, line 773]
Event: 3.981 Thread 0x0000028d9fcfae70 Exception <a 'java/lang/NoSuchMethodError'{0x000000008db73a38}: 'void java.lang.invoke.DelegatingMethodHandle$Holder.reinvoke_L(java.lang.Object, java.lang.Object, int)'> (0x000000008db73a38) 
thrown [s\src\hotspot\share\interpreter\linkResolver.cpp, line 773]
Event: 3.988 Thread 0x0000028d9fcfae70 Exception <a 'java/io/FileNotFoundException'{0x000000008dba1650}> (0x000000008dba1650) 
thrown [s\src\hotspot\share\prims\jni.cpp, line 519]

VM Operations (20 events):
Event: 69.831 Executing VM operation: get/set locals done
Event: 69.831 Executing VM operation: get/set locals
Event: 69.831 Executing VM operation: get/set locals done
Event: 69.831 Executing VM operation: get/set locals
Event: 69.831 Executing VM operation: get/set locals done
Event: 69.831 Executing VM operation: get/set locals
Event: 69.831 Executing VM operation: get/set locals done
Event: 69.831 Executing VM operation: get/set locals
Event: 69.831 Executing VM operation: get/set locals done
Event: 69.831 Executing VM operation: get/set locals
Event: 69.831 Executing VM operation: get/set locals done
Event: 81.259 Executing VM operation: ChangeBreakpoints
Event: 81.260 Executing VM operation: ChangeBreakpoints done
Event: 83.330 Executing VM operation: ChangeBreakpoints
Event: 83.330 Executing VM operation: ChangeBreakpoints done
Event: 83.331 Executing VM operation: ChangeBreakpoints
Event: 83.331 Executing VM operation: ChangeBreakpoints done
Event: 83.331 Executing VM operation: ChangeBreakpoints
Event: 83.331 Executing VM operation: ChangeBreakpoints done
Event: 83.468 Executing VM operation: Exit

Events (20 events):
Event: 0.319 Thread 0x0000028d9fa6c820 Thread added: 0x0000028d9fa6c820
Event: 0.360 Thread 0x0000028d9fa6cd80 Thread added: 0x0000028d9fa6cd80
Event: 0.595 Thread 0x0000028d9f80b0c0 Thread added: 0x0000028d9f80b0c0
Event: 0.753 Thread 0x0000028d9fba40d0 Thread added: 0x0000028d9fba40d0
Event: 0.759 Thread 0x0000028d9fcfae70 Thread added: 0x0000028d9fcfae70
Event: 0.851 Thread 0x0000028d9fddd2c0 Thread added: 0x0000028d9fddd2c0
Event: 0.858 Thread 0x0000028d9fddd810 Thread added: 0x0000028d9fddd810
Event: 1.987 Thread 0x0000028da6010200 Thread added: 0x0000028da6010200
Event: 2.909 Thread 0x0000028d9f52af80 Thread exited: 0x0000028d9f52af80
Event: 2.924 Thread 0x0000028d9f52af80 Thread added: 0x0000028d9f52af80
Event: 3.945 Thread 0x0000028d9f83fe50 Thread added: 0x0000028d9f83fe50
Event: 4.227 Thread 0x0000028d9f83fe50 Thread exited: 0x0000028d9f83fe50
Event: 83.330 Thread 0x0000028d9fa6c820 Thread exited: 0x0000028d9fa6c820
Event: 83.335 Thread 0x0000028d9f9b2f50 Thread exited: 0x0000028d9f9b2f50
Event: 83.422 Thread 0x0000028da5d4c8a0 Thread added: 0x0000028da5d4c8a0
Event: 83.423 Thread 0x0000028da5d4e880 Thread added: 0x0000028da5d4e880
Event: 83.423 Thread 0x0000028da5d4cdf0 Thread added: 0x0000028da5d4cdf0
Event: 83.424 Thread 0x0000028da5d4cdf0 Thread exited: 0x0000028da5d4cdf0
Event: 83.426 Thread 0x0000028da5d4e880 Thread exited: 0x0000028da5d4e880
Event: 83.427 Thread 0x0000028dff3a38e0 Thread exited: 0x0000028dff3a38e0


Dynamic libraries:
0x00007ff7b5ed0000 - 0x00007ff7b5ede000 	C:\Users\Valodya\.jdks\temurin-20.0.1\bin\java.exe
0x00007ff8ca630000 - 0x00007ff8ca828000 	C:\Windows\SYSTEM32\ntdll.dll
0x00007ff8c8c90000 - 0x00007ff8c8d4f000 	C:\Windows\System32\KERNEL32.DLL
0x00007ff8c8320000 - 0x00007ff8c8616000 	C:\Windows\System32\KERNELBASE.dll
0x00007ff8c7ea0000 - 0x00007ff8c7fa0000 	C:\Windows\System32\ucrtbase.dll
0x00007ff8b8e10000 - 0x00007ff8b8e27000 	C:\Users\Valodya\.jdks\temurin-20.0.1\bin\jli.dll
0x00007ff8c9a20000 - 0x00007ff8c9bbd000 	C:\Windows\System32\USER32.dll
0x00007ff8c7d10000 - 0x00007ff8c7d32000 	C:\Windows\System32\win32u.dll
0x00007ff8c9310000 - 0x00007ff8c933c000 	C:\Windows\System32\GDI32.dll
0x00007ff8c8100000 - 0x00007ff8c8215000 	C:\Windows\System32\gdi32full.dll
0x00007ff8c7fd0000 - 0x00007ff8c806d000 	C:\Windows\System32\msvcp_win.dll
0x00007ff8b8df0000 - 0x00007ff8b8e0b000 	C:\Users\Valodya\.jdks\temurin-20.0.1\bin\VCRUNTIME140.dll
0x00007ff8b3aa0000 - 0x00007ff8b3d3a000 	C:\Windows\WinSxS\amd64_microsoft.windows.common-controls_6595b64144ccf1df_6.0.19041.1110_none_60b5254171f9507e\COMCTL32.dll
0x00007ff8ca420000 - 0x00007ff8ca4be000 	C:\Windows\System32\msvcrt.dll
0x00007ff8c8d50000 - 0x00007ff8c8d80000 	C:\Windows\System32\IMM32.DLL
0x00007ff8bd980000 - 0x00007ff8bd98c000 	C:\Users\Valodya\.jdks\temurin-20.0.1\bin\vcruntime140_1.dll
0x00007ff88f1e0000 - 0x00007ff88f26d000 	C:\Users\Valodya\.jdks\temurin-20.0.1\bin\msvcp140.dll
0x00007ff87bf10000 - 0x00007ff87cc1e000 	C:\Users\Valodya\.jdks\temurin-20.0.1\bin\server\jvm.dll
0x00007ff8c9960000 - 0x00007ff8c9a0f000 	C:\Windows\System32\ADVAPI32.dll
0x00007ff8c8890000 - 0x00007ff8c892c000 	C:\Windows\System32\sechost.dll
0x00007ff8c8b60000 - 0x00007ff8c8c86000 	C:\Windows\System32\RPCRT4.dll
0x00007ff8c5c70000 - 0x00007ff8c5c79000 	C:\Windows\SYSTEM32\WSOCK32.dll
0x00007ff8c9420000 - 0x00007ff8c948b000 	C:\Windows\System32\WS2_32.dll
0x00007ff8b16b0000 - 0x00007ff8b16d7000 	C:\Windows\SYSTEM32\WINMM.dll
0x00007ff8c0700000 - 0x00007ff8c070a000 	C:\Windows\SYSTEM32\VERSION.dll
0x00007ff8c5c10000 - 0x00007ff8c5c22000 	C:\Windows\SYSTEM32\kernel.appcore.dll
0x00007ff8bd290000 - 0x00007ff8bd29a000 	C:\Users\Valodya\.jdks\temurin-20.0.1\bin\jimage.dll
0x00007ff8c5480000 - 0x00007ff8c5664000 	C:\Windows\SYSTEM32\DBGHELP.DLL
0x00007ff8a77c0000 - 0x00007ff8a77f4000 	C:\Windows\SYSTEM32\dbgcore.DLL
0x00007ff8c8070000 - 0x00007ff8c80f2000 	C:\Windows\System32\bcryptPrimitives.dll
0x00007ff89b000000 - 0x00007ff89b03c000 	C:\Users\Valodya\.jdks\temurin-20.0.1\bin\jdwp.dll
0x00007ff8b3440000 - 0x00007ff8b3466000 	C:\Users\Valodya\.jdks\temurin-20.0.1\bin\java.dll
0x00007ff88bce0000 - 0x00007ff88bdb7000 	C:\Users\Valodya\.jdks\temurin-20.0.1\bin\jsvml.dll
0x00007ff8c9bc0000 - 0x00007ff8ca304000 	C:\Windows\System32\SHELL32.dll
0x00007ff8c5dd0000 - 0x00007ff8c6563000 	C:\Windows\SYSTEM32\windows.storage.dll
0x00007ff8c9490000 - 0x00007ff8c97e4000 	C:\Windows\System32\combase.dll
0x00007ff8c7770000 - 0x00007ff8c779e000 	C:\Windows\SYSTEM32\Wldp.dll
0x00007ff8c9200000 - 0x00007ff8c92ad000 	C:\Windows\System32\SHCORE.dll
0x00007ff8ca3c0000 - 0x00007ff8ca415000 	C:\Windows\System32\shlwapi.dll
0x00007ff8c7c50000 - 0x00007ff8c7c6f000 	C:\Windows\SYSTEM32\profapi.dll
0x00007ff8b3290000 - 0x00007ff8b32a3000 	C:\Users\Valodya\.jdks\temurin-20.0.1\bin\net.dll
0x00007ff8be500000 - 0x00007ff8be60a000 	C:\Windows\SYSTEM32\WINHTTP.dll
0x00007ff8c74d0000 - 0x00007ff8c753a000 	C:\Windows\system32\mswsock.dll
0x00007ff8b2b10000 - 0x00007ff8b2b26000 	C:\Users\Valodya\.jdks\temurin-20.0.1\bin\nio.dll
0x00007ff89afc0000 - 0x00007ff89afd8000 	C:\Users\Valodya\.jdks\temurin-20.0.1\bin\zip.dll
0x00007ff8bd930000 - 0x00007ff8bd93c000 	C:\Users\Valodya\.jdks\temurin-20.0.1\bin\dt_socket.dll
0x00007ff8c7170000 - 0x00007ff8c71ac000 	C:\Windows\SYSTEM32\IPHLPAPI.DLL
0x0000028d9b150000 - 0x0000028d9b153000 	C:\Users\Valodya\.jdks\temurin-20.0.1\bin\api-ms-win-core-console-l1-1-0.dll
0x0000028d9b160000 - 0x0000028d9b163000 	C:\Users\Valodya\.jdks\temurin-20.0.1\bin\api-ms-win-core-datetime-l1-1-0.dll
0x0000028d9b170000 - 0x0000028d9b173000 	C:\Users\Valodya\.jdks\temurin-20.0.1\bin\api-ms-win-core-debug-l1-1-0.dll
0x0000028d9b180000 - 0x0000028d9b183000 	C:\Users\Valodya\.jdks\temurin-20.0.1\bin\api-ms-win-core-errorhandling-l1-1-0.dll
0x0000028d9b190000 - 0x0000028d9b194000 	C:\Users\Valodya\.jdks\temurin-20.0.1\bin\api-ms-win-core-file-l1-1-0.dll
0x0000028d9b1a0000 - 0x0000028d9b1a3000 	C:\Users\Valodya\.jdks\temurin-20.0.1\bin\api-ms-win-core-file-l1-2-0.dll
0x0000028d9b1b0000 - 0x0000028d9b1b3000 	C:\Users\Valodya\.jdks\temurin-20.0.1\bin\api-ms-win-core-file-l2-1-0.dll
0x0000028d9b1c0000 - 0x0000028d9b1c3000 	C:\Users\Valodya\.jdks\temurin-20.0.1\bin\api-ms-win-core-handle-l1-1-0.dll
0x0000028d9b1d0000 - 0x0000028d9b1d3000 	C:\Users\Valodya\.jdks\temurin-20.0.1\bin\api-ms-win-core-heap-l1-1-0.dll
0x0000028d9b1e0000 - 0x0000028d9b1e3000 	C:\Users\Valodya\.jdks\temurin-20.0.1\bin\api-ms-win-core-interlocked-l1-1-0.dll
0x0000028d9b1f0000 - 0x0000028d9b1f3000 	C:\Users\Valodya\.jdks\temurin-20.0.1\bin\api-ms-win-core-libraryloader-l1-1-0.dll
0x0000028d9b200000 - 0x0000028d9b203000 	C:\Users\Valodya\.jdks\temurin-20.0.1\bin\api-ms-win-core-localization-l1-2-0.dll
0x0000028d9b210000 - 0x0000028d9b213000 	C:\Users\Valodya\.jdks\temurin-20.0.1\bin\api-ms-win-core-memory-l1-1-0.dll
0x0000028d9b220000 - 0x0000028d9b223000 	C:\Users\Valodya\.jdks\temurin-20.0.1\bin\api-ms-win-core-namedpipe-l1-1-0.dll
0x0000028d9b230000 - 0x0000028d9b233000 	C:\Users\Valodya\.jdks\temurin-20.0.1\bin\api-ms-win-core-processenvironment-l1-1-0.dll
0x0000028d9b240000 - 0x0000028d9b243000 	C:\Users\Valodya\.jdks\temurin-20.0.1\bin\api-ms-win-core-processthreads-l1-1-0.dll
0x0000028d9b250000 - 0x0000028d9b253000 	C:\Users\Valodya\.jdks\temurin-20.0.1\bin\api-ms-win-core-processthreads-l1-1-1.dll
0x0000028d9b260000 - 0x0000028d9b263000 	C:\Users\Valodya\.jdks\temurin-20.0.1\bin\api-ms-win-core-profile-l1-1-0.dll
0x0000028d9b270000 - 0x0000028d9b273000 	C:\Users\Valodya\.jdks\temurin-20.0.1\bin\api-ms-win-core-rtlsupport-l1-1-0.dll
0x0000028d9b280000 - 0x0000028d9b283000 	C:\Users\Valodya\.jdks\temurin-20.0.1\bin\api-ms-win-core-string-l1-1-0.dll
0x0000028d9b290000 - 0x0000028d9b293000 	C:\Users\Valodya\.jdks\temurin-20.0.1\bin\api-ms-win-core-synch-l1-1-0.dll
0x0000028d9b2a0000 - 0x0000028d9b2a3000 	C:\Users\Valodya\.jdks\temurin-20.0.1\bin\api-ms-win-core-synch-l1-2-0.dll
0x0000028d9b2b0000 - 0x0000028d9b2b3000 	C:\Users\Valodya\.jdks\temurin-20.0.1\bin\api-ms-win-core-sysinfo-l1-1-0.dll
0x0000028d9b2c0000 - 0x0000028d9b2c3000 	C:\Users\Valodya\.jdks\temurin-20.0.1\bin\api-ms-win-core-timezone-l1-1-0.dll
0x0000028d9b2d0000 - 0x0000028d9b2d3000 	C:\Users\Valodya\.jdks\temurin-20.0.1\bin\api-ms-win-core-util-l1-1-0.dll
0x0000028d9b2e0000 - 0x0000028d9b2e3000 	C:\Users\Valodya\.jdks\temurin-20.0.1\bin\api-ms-win-crt-conio-l1-1-0.dll
0x0000028d9b2f0000 - 0x0000028d9b2f4000 	C:\Users\Valodya\.jdks\temurin-20.0.1\bin\api-ms-win-crt-convert-l1-1-0.dll
0x0000028d9b300000 - 0x0000028d9b303000 	C:\Users\Valodya\.jdks\temurin-20.0.1\bin\api-ms-win-crt-environment-l1-1-0.dll
0x0000028d9b310000 - 0x0000028d9b313000 	C:\Users\Valodya\.jdks\temurin-20.0.1\bin\api-ms-win-crt-filesystem-l1-1-0.dll
0x0000028d9b320000 - 0x0000028d9b323000 	C:\Users\Valodya\.jdks\temurin-20.0.1\bin\api-ms-win-crt-heap-l1-1-0.dll
0x0000028d9b330000 - 0x0000028d9b333000 	C:\Users\Valodya\.jdks\temurin-20.0.1\bin\api-ms-win-crt-locale-l1-1-0.dll
0x0000028d9b340000 - 0x0000028d9b345000 	C:\Users\Valodya\.jdks\temurin-20.0.1\bin\api-ms-win-crt-math-l1-1-0.dll
0x0000028d9b350000 - 0x0000028d9b355000 	C:\Users\Valodya\.jdks\temurin-20.0.1\bin\api-ms-win-crt-multibyte-l1-1-0.dll
0x0000028d9b360000 - 0x0000028d9b370000 	C:\Users\Valodya\.jdks\temurin-20.0.1\bin\api-ms-win-crt-private-l1-1-0.dll
0x0000028d9b370000 - 0x0000028d9b373000 	C:\Users\Valodya\.jdks\temurin-20.0.1\bin\api-ms-win-crt-process-l1-1-0.dll
0x0000028d9b380000 - 0x0000028d9b384000 	C:\Users\Valodya\.jdks\temurin-20.0.1\bin\api-ms-win-crt-runtime-l1-1-0.dll
0x0000028d9b390000 - 0x0000028d9b394000 	C:\Users\Valodya\.jdks\temurin-20.0.1\bin\api-ms-win-crt-stdio-l1-1-0.dll
0x0000028d9b3a0000 - 0x0000028d9b3a4000 	C:\Users\Valodya\.jdks\temurin-20.0.1\bin\api-ms-win-crt-string-l1-1-0.dll
0x0000028d9b3b0000 - 0x0000028d9b3b3000 	C:\Users\Valodya\.jdks\temurin-20.0.1\bin\api-ms-win-crt-time-l1-1-0.dll
0x0000028d9b3c0000 - 0x0000028d9b3c3000 	C:\Users\Valodya\.jdks\temurin-20.0.1\bin\api-ms-win-crt-utility-l1-1-0.dll
0x00007ff88bad0000 - 0x00007ff88bbca000 	C:\Users\Valodya\.jdks\temurin-20.0.1\bin\ucrtbase.dll
0x00007ff894bb0000 - 0x00007ff894bfe000 	C:\Windows\System32\concrt140.dll
0x00007ff897a80000 - 0x00007ff897aa3000 	C:\Users\Valodya\.openjfx\cache\11.0.2\prism_d3d.dll
0x00007ff883f80000 - 0x00007ff88414d000 	C:\Windows\system32\d3d9.dll
0x00007ff8c58d0000 - 0x00007ff8c58ff000 	C:\Windows\SYSTEM32\dwmapi.dll
0x00007ff8c53e0000 - 0x00007ff8c547e000 	C:\Windows\system32\uxtheme.dll
0x00007ff8ca4c0000 - 0x00007ff8ca5ea000 	C:\Windows\System32\ole32.dll
0x00007ff8c7fa0000 - 0x00007ff8c7fc7000 	C:\Windows\System32\bcrypt.dll
0x00007ff8c9350000 - 0x00007ff8c941d000 	C:\Windows\System32\OLEAUT32.dll
0x00007ff8c8d80000 - 0x00007ff8c91e8000 	C:\Windows\System32\SETUPAPI.dll
0x00007ff8c82d0000 - 0x00007ff8c831e000 	C:\Windows\System32\cfgmgr32.dll
0x00007ff892d70000 - 0x00007ff892db5000 	C:\Users\Valodya\.openjfx\cache\11.0.2\glass.dll
0x00007ff8c87b0000 - 0x00007ff8c888a000 	C:\Windows\System32\COMDLG32.dll
0x00007ff8c8690000 - 0x00007ff8c87a4000 	C:\Windows\System32\MSCTF.dll
0x00007ff8c02e0000 - 0x00007ff8c031b000 	C:\Windows\SYSTEM32\dxcore.dll
0x00007ff8bd910000 - 0x00007ff8bd924000 	C:\Users\Valodya\.openjfx\cache\11.0.2\javafx_font.dll
0x00007ff8b7140000 - 0x00007ff8b73bf000 	C:\Windows\SYSTEM32\dwrite.dll
0x00007ff8ca310000 - 0x00007ff8ca3b9000 	C:\Windows\System32\clbcatq.dll
0x00007ff8c18c0000 - 0x00007ff8c1a74000 	C:\Windows\SYSTEM32\WindowsCodecs.dll
0x00007ff8b32b0000 - 0x00007ff8b32ee000 	C:\Windows\system32\dataexchange.dll
0x00007ff8c3bd0000 - 0x00007ff8c3e33000 	C:\Windows\system32\d3d11.dll
0x00007ff8c4550000 - 0x00007ff8c4733000 	C:\Windows\system32\dcomp.dll
0x00007ff8c65d0000 - 0x00007ff8c66c3000 	C:\Windows\system32\dxgi.dll
0x00007ff8c1e80000 - 0x00007ff8c2080000 	C:\Windows\system32\twinapi.appcore.dll
0x00007ff892ec0000 - 0x00007ff892ef4000 	C:\Program Files\Common Files\Microsoft Shared\Ink\rtscom.dll
0x00007ff8bd470000 - 0x00007ff8bd56a000 	C:\Windows\SYSTEM32\textinputframework.dll
0x00007ff8c4e20000 - 0x00007ff8c4f12000 	C:\Windows\System32\CoreMessaging.dll
0x00007ff8c4ac0000 - 0x00007ff8c4e1e000 	C:\Windows\System32\CoreUIComponents.dll
0x00007ff8c6ea0000 - 0x00007ff8c6ed3000 	C:\Windows\SYSTEM32\ntmarta.dll
0x00007ff8c3610000 - 0x00007ff8c3764000 	C:\Windows\SYSTEM32\wintypes.dll
0x00007ff8c34b0000 - 0x00007ff8c35a6000 	C:\Windows\SYSTEM32\PROPSYS.dll
0x00007ff87ad70000 - 0x00007ff87af1e000 	C:\Windows\SYSTEM32\DUI70.dll
0x00007ff8b3770000 - 0x00007ff8b3805000 	C:\Windows\SYSTEM32\DUser.dll
0x00007ff882fc0000 - 0x00007ff883069000 	C:\Program Files\Common Files\microsoft shared\ink\tiptsf.dll
0x00007ff8b5440000 - 0x00007ff8b54ec000 	C:\Windows\SYSTEM32\TextShaping.dll
0x00007ff8b0f50000 - 0x00007ff8b0f74000 	C:\Windows\SYSTEM32\edputil.dll
0x00007ff89ab00000 - 0x00007ff89ad20000 	C:\Windows\system32\explorerframe.dll
0x00007ff89f0f0000 - 0x00007ff89f156000 	C:\Windows\System32\thumbcache.dll
0x00007ff8b6d60000 - 0x00007ff8b6f06000 	C:\Windows\System32\Windows.Globalization.dll
0x00007ff8bd3d0000 - 0x00007ff8bd42b000 	C:\Windows\System32\Bcp47Langs.dll
0x00007ff8b92f0000 - 0x00007ff8b931d000 	C:\Windows\System32\bcp47mrm.dll

dbghelp: loaded successfully - version: 4.0.5 - missing functions: none
symbol engine: initialized successfully - sym options: 0x614 - pdb path: .;C:\Users\Valodya\.jdks\temurin-20.0.1\bin;C:\Windows\SYSTEM32;C:\Windows\WinSxS\amd64_microsoft.windows.common-controls_6595b64144ccf1df_6.0.19041.1110_none_60b5254171f9507e;C:\Users\Valodya\.jdks\temurin-20.0.1\bin\server;C:\Users\Valodya\.openjfx\cache\11.0.2;C:\Windows\System32\DriverStore\FileRepository\iigd_dch.inf_amd64_b53c057d22ce6f37;C:\Windows\System32\DriverStore\FileRepository\nvamui.inf_amd64_435c120f5d1124de;C:\Program Files\Common Files\Microsoft Shared\Ink;C:\Windows\WinSxS\amd64_microsoft.windows.gdiplus_6595b64144ccf1df_1.1.19041.2251_none_91a40448cc8846c1

VM Arguments:
jvm_args: -agentlib:jdwp=transport=dt_socket,address=127.0.0.1:54173,suspend=y,server=n -Dfile.encoding=UTF-8 --module-path=C:\Users\Valodya\Desktop\jgit-gui\target\classes;C:\Users\Valodya\.m2\repository\org\openjfx\javafx-fxml\11.0.2\javafx-fxml-11.0.2-win.jar;C:\Users\Valodya\.m2\repository\org\eclipse\jgit\org.eclipse.jgit\6.5.0.202303070854-r\org.eclipse.jgit-6.5.0.202303070854-r.jar;C:\Users\Valodya\.m2\repository\org\openjfx\javafx-graphics\11.0.2\javafx-graphics-11.0.2-win.jar;C:\Users\Valodya\.m2\repository\org\openjfx\javafx-controls\11.0.2\javafx-controls-11.0.2-win.jar;C:\Users\Valodya\.m2\repository\org\openjfx\javafx-base\11.0.2\javafx-base-11.0.2-win.jar -Djdk.module.main=com.example.fxjgit 
java_command: com.example.fxjgit/com.example.fxjgit.HelloApplication
java_class_path (initial): C:\Users\Valodya\.m2\repository\org\openjfx\javafx-controls\11.0.2\javafx-controls-11.0.2.jar;C:\Users\Valodya\.m2\repository\org\openjfx\javafx-graphics\11.0.2\javafx-graphics-11.0.2.jar;C:\Users\Valodya\.m2\repository\org\openjfx\javafx-base\11.0.2\javafx-base-11.0.2.jar;C:\Users\Valodya\.m2\repository\org\openjfx\javafx-fxml\11.0.2\javafx-fxml-11.0.2.jar;C:\Users\Valodya\.m2\repository\com\googlecode\javaewah\JavaEWAH\1.1.13\JavaEWAH-1.1.13.jar;C:\Users\Valodya\.m2\repository\org\slf4j\slf4j-api\1.7.30\slf4j-api-1.7.30.jar;C:\Program Files\JetBrains\IntelliJ IDEA Community Edition 2021.3.2\lib\idea_rt.jar
Launcher Type: SUN_STANDARD

[Global flags]
     intx CICompilerCount                          = 3                                         {product} {ergonomic}
     uint ConcGCThreads                            = 1                                         {product} {ergonomic}
     uint G1ConcRefinementThreads                  = 4                                         {product} {ergonomic}
   size_t G1HeapRegionSize                         = 1048576                                   {product} {ergonomic}
    uintx GCDrainStackTargetSize                   = 64                                        {product} {ergonomic}
   size_t InitialHeapSize                          = 125829120                                 {product} {ergonomic}
   size_t MarkStackSize                            = 4194304                                   {product} {ergonomic}
   size_t MaxHeapSize                              = 1996488704                                {product} {ergonomic}
   size_t MaxNewSize                               = 1197473792                                {product} {ergonomic}
   size_t MinHeapDeltaBytes                        = 1048576                                   {product} {ergonomic}
   size_t MinHeapSize                              = 8388608                                   {product} {ergonomic}
    uintx NonNMethodCodeHeapSize                   = 5832780                                {pd product} {ergonomic}
    uintx NonProfiledCodeHeapSize                  = 122912730                              {pd product} {ergonomic}
    uintx ProfiledCodeHeapSize                     = 122912730                              {pd product} {ergonomic}
    uintx ReservedCodeCacheSize                    = 251658240                              {pd product} {ergonomic}
     bool SegmentedCodeCache                       = true                                      {product} {ergonomic}
   size_t SoftMaxHeapSize                          = 1996488704                             {manageable} {ergonomic}
     bool UseCompressedClassPointers               = true                           {product lp64_product} {ergonomic}
     bool UseCompressedOops                        = true                           {product lp64_product} {ergonomic}
     bool UseG1GC                                  = true                                      {product} {ergonomic}
     bool UseLargePagesIndividualAllocation        = false                                  {pd product} {ergonomic}

Logging:
Log output configuration:
 #0: stdout all=off uptime,level,tags foldmultilines=false
 #1: stderr all=off uptime,level,tags foldmultilines=false

Environment Variables:
PATH=C:\Program Files\NVIDIA GPU Computing Toolkit\CUDA\v12.1\bin;C:\Program Files\NVIDIA GPU Computing Toolkit\CUDA\v12.1\libnvvp;C:\Program Files (x86)\Common Files\Oracle\Java\javapath;C:\platform-tools;C:\Users\Valodya\AppData\Local\Microsoft\WindowsApps\PythonSoftwareFoundation.Python.3.10_qbz5n2kfra8p0\;C:\Program Files\Microsoft\jdk-11.0.12.7-hotspot\bin;C:\Windows\system32;C:\Windows;C:\Windows\System32\Wbem;C:\Windows\System32\WindowsPowerShell\v1.0\;C:\Windows\System32\OpenSSH\;C:\Program Files\dotnet\;C:\Program Files (x86)\Microsoft SQL Server\150\DTS\Binn\;C:\Program Files\Azure Data Studio\bin;C:\Program Files\Microsoft SQL Server\Client SDK\ODBC\170\Tools\Binn\;C:\Program Files (x86)\Microsoft SQL Server\150\Tools\Binn\;C:\Program Files\Microsoft SQL Server\150\Tools\Binn\;C:\Program Files\Microsoft SQL Server\150\DTS\Binn\;C:\Program Files\Git\cmd;C:\Program Files\CMake\bin;C:\Program Files\nodejs\;C:\ProgramData\chocolatey\bin;C:\Program Files\PuTTY\;C:\cygwin64\bin;C:\Program Files\WindowsApps\PythonSoftwareFoundation.Python.3.10_3.10.2288.0_x64__qbz5n2kfra8p0;C:\Program Files\OpenSSL-Win64\bin;C:\Program Files\NVIDIA Corporation\Nsight Compute 2023.1.0\;C:\Program Files (x86)\NVIDIA Corporation\PhysX\Common;C:\Program Files\NVIDIA Corporation\NVIDIA NvDLISR;C:\Program Files\OpenSSL-Win64\bin;C:\Program Files\cocos2d-x-4.0\tools\cocos2d-console\bin;C:\Users\Valodya\AppData\Local\Microsoft\WindowsApps;C:\Users\Valodya\.dotnet\tools;C:\Program Files\Azure Data Studio\bin;C:\Users\\AppData\Local\GitHubDesktop\bin;C:\Users\\AppData\Roaming\npm;C:\Users\Valodya\Microsoft VS Code\bin;C:\Users\Valodya\AppData\Local\GitHubDesktop\bin
USERNAME=
OS=Windows_NT
PROCESSOR_IDENTIFIER=Intel64 Family 6 Model 78 Stepping 3, GenuineIntel
TMP=C:\Users\Valodya\AppData\Local\Temp
TEMP=C:\Users\Valodya\AppData\Local\Temp




---------------  S Y S T E M  ---------------

OS:
 Windows 10 , 64 bit Build 19041 (10.0.19041.2913)
OS uptime: 4 days 20:46 hours

CPU: total 4 (initial active 4) (2 cores per cpu, 2 threads per core) family 6 model 78 stepping 3 microcode 0xcc, cx8, cmov, fxsr, ht, mmx, 3dnowpref, sse, sse2, sse3, ssse3, sse4.1, sse4.2, popcnt, lzcnt, tsc, tscinvbit, avx, avx2, aes, erms, clmul, bmi1, bmi2, adx, fma, vzeroupper, clflush, clflushopt, rdtscp, f16c

Memory: 4k page, system-wide physical 7611M (1480M free)
TotalPageFile size 13803M (AvailPageFile size 3938M)
current process WorkingSet (physical memory assigned to process): 188M, peak: 207M
current process commit charge ("private bytes"): 271M, peak: 310M

vm_info: OpenJDK 64-Bit Server VM (20.0.1+9) for windows-amd64 JRE (20.0.1+9), built on 2023-04-18T00:00:00Z by "temurin" with MS VC++ 16.10 / 16.11 (VS2019)

END.
